2023-09-25 10:40:42 error: [GET] /api/users/search/R >> StatusCode:: 401, Message:: Wrong authentication token
2023-09-25 17:04:21 error: uncaughtException: тип Unable to compile TypeScript:
[96msrc/services/message.service.ts[0m:[93m50[0m:[93m1[0m - [91merror[0m[90m TS1109: [0mExpression expected.

[7m50[0m }
[7m  [0m [91m~[0m

TSError: тип Unable to compile TypeScript:
[96msrc/services/message.service.ts[0m:[93m50[0m:[93m1[0m - [91merror[0m[90m TS1109: [0mExpression expected.

[7m50[0m }
[7m  [0m [91m~[0m

    at createTSError (/Users/ujjwaltiwari/Documents/Personal/chit-chat-api/node_modules/ts-node/src/index.ts:859:12)
    at reportTSError (/Users/ujjwaltiwari/Documents/Personal/chit-chat-api/node_modules/ts-node/src/index.ts:863:19)
    at getOutput (/Users/ujjwaltiwari/Documents/Personal/chit-chat-api/node_modules/ts-node/src/index.ts:1077:36)
    at Object.compile (/Users/ujjwaltiwari/Documents/Personal/chit-chat-api/node_modules/ts-node/src/index.ts:1433:41)
    at Module.m._compile (/Users/ujjwaltiwari/Documents/Personal/chit-chat-api/node_modules/ts-node/src/index.ts:1617:30)
    at Module._extensions..js (node:internal/modules/cjs/loader:1310:10)
    at Object.require.extensions.<computed> [as .ts] (/Users/ujjwaltiwari/Documents/Personal/chit-chat-api/node_modules/ts-node/src/index.ts:1621:12)
    at Module.load (node:internal/modules/cjs/loader:1119:32)
    at Function.Module._load (node:internal/modules/cjs/loader:960:12)
    at Module.require (node:internal/modules/cjs/loader:1143:19)
2023-09-25 17:04:30 error: uncaughtException: тип Unable to compile TypeScript:
[96msrc/services/message.service.ts[0m:[93m50[0m:[93m1[0m - [91merror[0m[90m TS1005: [0m'=>' expected.

[7m50[0m }
[7m  [0m [91m~[0m

TSError: тип Unable to compile TypeScript:
[96msrc/services/message.service.ts[0m:[93m50[0m:[93m1[0m - [91merror[0m[90m TS1005: [0m'=>' expected.

[7m50[0m }
[7m  [0m [91m~[0m

    at createTSError (/Users/ujjwaltiwari/Documents/Personal/chit-chat-api/node_modules/ts-node/src/index.ts:859:12)
    at reportTSError (/Users/ujjwaltiwari/Documents/Personal/chit-chat-api/node_modules/ts-node/src/index.ts:863:19)
    at getOutput (/Users/ujjwaltiwari/Documents/Personal/chit-chat-api/node_modules/ts-node/src/index.ts:1077:36)
    at Object.compile (/Users/ujjwaltiwari/Documents/Personal/chit-chat-api/node_modules/ts-node/src/index.ts:1433:41)
    at Module.m._compile (/Users/ujjwaltiwari/Documents/Personal/chit-chat-api/node_modules/ts-node/src/index.ts:1617:30)
    at Module._extensions..js (node:internal/modules/cjs/loader:1310:10)
    at Object.require.extensions.<computed> [as .ts] (/Users/ujjwaltiwari/Documents/Personal/chit-chat-api/node_modules/ts-node/src/index.ts:1621:12)
    at Module.load (node:internal/modules/cjs/loader:1119:32)
    at Function.Module._load (node:internal/modules/cjs/loader:960:12)
    at Module.require (node:internal/modules/cjs/loader:1143:19)
2023-09-25 17:04:34 error: uncaughtException: тип Unable to compile TypeScript:
[96msrc/services/message.service.ts[0m:[93m47[0m:[93m93[0m - [91merror[0m[90m TS2355: [0mA function whose declared type is neither 'undefined', 'void', nor 'any' must return a value.

[7m47[0m   public fetchAllMessageForAChat = async (content: string, userId: string, chatId: string): Promise<Message> =>{
[7m  [0m [91m                                                                                            ~~~~~~~~~~~~~~~~[0m

TSError: тип Unable to compile TypeScript:
[96msrc/services/message.service.ts[0m:[93m47[0m:[93m93[0m - [91merror[0m[90m TS2355: [0mA function whose declared type is neither 'undefined', 'void', nor 'any' must return a value.

[7m47[0m   public fetchAllMessageForAChat = async (content: string, userId: string, chatId: string): Promise<Message> =>{
[7m  [0m [91m                                                                                            ~~~~~~~~~~~~~~~~[0m

    at createTSError (/Users/ujjwaltiwari/Documents/Personal/chit-chat-api/node_modules/ts-node/src/index.ts:859:12)
    at reportTSError (/Users/ujjwaltiwari/Documents/Personal/chit-chat-api/node_modules/ts-node/src/index.ts:863:19)
    at getOutput (/Users/ujjwaltiwari/Documents/Personal/chit-chat-api/node_modules/ts-node/src/index.ts:1077:36)
    at Object.compile (/Users/ujjwaltiwari/Documents/Personal/chit-chat-api/node_modules/ts-node/src/index.ts:1433:41)
    at Module.m._compile (/Users/ujjwaltiwari/Documents/Personal/chit-chat-api/node_modules/ts-node/src/index.ts:1617:30)
    at Module._extensions..js (node:internal/modules/cjs/loader:1310:10)
    at Object.require.extensions.<computed> [as .ts] (/Users/ujjwaltiwari/Documents/Personal/chit-chat-api/node_modules/ts-node/src/index.ts:1621:12)
    at Module.load (node:internal/modules/cjs/loader:1119:32)
    at Function.Module._load (node:internal/modules/cjs/loader:960:12)
    at Module.require (node:internal/modules/cjs/loader:1143:19)
2023-09-25 17:04:46 error: uncaughtException: тип Unable to compile TypeScript:
[96msrc/services/message.service.ts[0m:[93m46[0m:[93m76[0m - [91merror[0m[90m TS2355: [0mA function whose declared type is neither 'undefined', 'void', nor 'any' must return a value.

[7m46[0m   public fetchAllMessageForAChat = async (userId: string, chatId: string): Promise<Message> => {};
[7m  [0m [91m                                                                           ~~~~~~~~~~~~~~~~[0m

TSError: тип Unable to compile TypeScript:
[96msrc/services/message.service.ts[0m:[93m46[0m:[93m76[0m - [91merror[0m[90m TS2355: [0mA function whose declared type is neither 'undefined', 'void', nor 'any' must return a value.

[7m46[0m   public fetchAllMessageForAChat = async (userId: string, chatId: string): Promise<Message> => {};
[7m  [0m [91m                                                                           ~~~~~~~~~~~~~~~~[0m

    at createTSError (/Users/ujjwaltiwari/Documents/Personal/chit-chat-api/node_modules/ts-node/src/index.ts:859:12)
    at reportTSError (/Users/ujjwaltiwari/Documents/Personal/chit-chat-api/node_modules/ts-node/src/index.ts:863:19)
    at getOutput (/Users/ujjwaltiwari/Documents/Personal/chit-chat-api/node_modules/ts-node/src/index.ts:1077:36)
    at Object.compile (/Users/ujjwaltiwari/Documents/Personal/chit-chat-api/node_modules/ts-node/src/index.ts:1433:41)
    at Module.m._compile (/Users/ujjwaltiwari/Documents/Personal/chit-chat-api/node_modules/ts-node/src/index.ts:1617:30)
    at Module._extensions..js (node:internal/modules/cjs/loader:1310:10)
    at Object.require.extensions.<computed> [as .ts] (/Users/ujjwaltiwari/Documents/Personal/chit-chat-api/node_modules/ts-node/src/index.ts:1621:12)
    at Module.load (node:internal/modules/cjs/loader:1119:32)
    at Function.Module._load (node:internal/modules/cjs/loader:960:12)
    at Module.require (node:internal/modules/cjs/loader:1143:19)
2023-09-25 17:04:53 error: uncaughtException: тип Unable to compile TypeScript:
[96msrc/services/message.service.ts[0m:[93m46[0m:[93m76[0m - [91merror[0m[90m TS2355: [0mA function whose declared type is neither 'undefined', 'void', nor 'any' must return a value.

[7m46[0m   public fetchAllMessageForAChat = async (userId: string, chatId: string): Promise<Message> => {
[7m  [0m [91m                                                                           ~~~~~~~~~~~~~~~~[0m

TSError: тип Unable to compile TypeScript:
[96msrc/services/message.service.ts[0m:[93m46[0m:[93m76[0m - [91merror[0m[90m TS2355: [0mA function whose declared type is neither 'undefined', 'void', nor 'any' must return a value.

[7m46[0m   public fetchAllMessageForAChat = async (userId: string, chatId: string): Promise<Message> => {
[7m  [0m [91m                                                                           ~~~~~~~~~~~~~~~~[0m

    at createTSError (/Users/ujjwaltiwari/Documents/Personal/chit-chat-api/node_modules/ts-node/src/index.ts:859:12)
    at reportTSError (/Users/ujjwaltiwari/Documents/Personal/chit-chat-api/node_modules/ts-node/src/index.ts:863:19)
    at getOutput (/Users/ujjwaltiwari/Documents/Personal/chit-chat-api/node_modules/ts-node/src/index.ts:1077:36)
    at Object.compile (/Users/ujjwaltiwari/Documents/Personal/chit-chat-api/node_modules/ts-node/src/index.ts:1433:41)
    at Module.m._compile (/Users/ujjwaltiwari/Documents/Personal/chit-chat-api/node_modules/ts-node/src/index.ts:1617:30)
    at Module._extensions..js (node:internal/modules/cjs/loader:1310:10)
    at Object.require.extensions.<computed> [as .ts] (/Users/ujjwaltiwari/Documents/Personal/chit-chat-api/node_modules/ts-node/src/index.ts:1621:12)
    at Module.load (node:internal/modules/cjs/loader:1119:32)
    at Function.Module._load (node:internal/modules/cjs/loader:960:12)
    at Module.require (node:internal/modules/cjs/loader:1143:19)
2023-09-25 17:05:02 error: uncaughtException: тип Unable to compile TypeScript:
[96msrc/services/message.service.ts[0m:[93m46[0m:[93m76[0m - [91merror[0m[90m TS2355: [0mA function whose declared type is neither 'undefined', 'void', nor 'any' must return a value.

[7m46[0m   public fetchAllMessageForAChat = async (userId: string, chatId: string): Promise<Message> => {
[7m  [0m [91m                                                                           ~~~~~~~~~~~~~~~~[0m
[96msrc/services/message.service.ts[0m:[93m48[0m:[93m3[0m - [91merror[0m[90m TS1109: [0mExpression expected.

[7m48[0m   };
[7m  [0m [91m  ~[0m

TSError: тип Unable to compile TypeScript:
[96msrc/services/message.service.ts[0m:[93m46[0m:[93m76[0m - [91merror[0m[90m TS2355: [0mA function whose declared type is neither 'undefined', 'void', nor 'any' must return a value.

[7m46[0m   public fetchAllMessageForAChat = async (userId: string, chatId: string): Promise<Message> => {
[7m  [0m [91m                                                                           ~~~~~~~~~~~~~~~~[0m
[96msrc/services/message.service.ts[0m:[93m48[0m:[93m3[0m - [91merror[0m[90m TS1109: [0mExpression expected.

[7m48[0m   };
[7m  [0m [91m  ~[0m

    at createTSError (/Users/ujjwaltiwari/Documents/Personal/chit-chat-api/node_modules/ts-node/src/index.ts:859:12)
    at reportTSError (/Users/ujjwaltiwari/Documents/Personal/chit-chat-api/node_modules/ts-node/src/index.ts:863:19)
    at getOutput (/Users/ujjwaltiwari/Documents/Personal/chit-chat-api/node_modules/ts-node/src/index.ts:1077:36)
    at Object.compile (/Users/ujjwaltiwari/Documents/Personal/chit-chat-api/node_modules/ts-node/src/index.ts:1433:41)
    at Module.m._compile (/Users/ujjwaltiwari/Documents/Personal/chit-chat-api/node_modules/ts-node/src/index.ts:1617:30)
    at Module._extensions..js (node:internal/modules/cjs/loader:1310:10)
    at Object.require.extensions.<computed> [as .ts] (/Users/ujjwaltiwari/Documents/Personal/chit-chat-api/node_modules/ts-node/src/index.ts:1621:12)
    at Module.load (node:internal/modules/cjs/loader:1119:32)
    at Function.Module._load (node:internal/modules/cjs/loader:960:12)
    at Module.require (node:internal/modules/cjs/loader:1143:19)
2023-09-25 17:05:10 error: uncaughtException: тип Unable to compile TypeScript:
[96msrc/services/message.service.ts[0m:[93m46[0m:[93m76[0m - [91merror[0m[90m TS2355: [0mA function whose declared type is neither 'undefined', 'void', nor 'any' must return a value.

[7m46[0m   public fetchAllMessageForAChat = async (userId: string, chatId: string): Promise<Message> => {
[7m  [0m [91m                                                                           ~~~~~~~~~~~~~~~~[0m
[96msrc/services/message.service.ts[0m:[93m47[0m:[93m57[0m - [91merror[0m[90m TS1109: [0mExpression expected.

[7m47[0m     const isChatExist = await ChatModel.findById({_id : })
[7m  [0m [91m                                                        ~[0m

TSError: тип Unable to compile TypeScript:
[96msrc/services/message.service.ts[0m:[93m46[0m:[93m76[0m - [91merror[0m[90m TS2355: [0mA function whose declared type is neither 'undefined', 'void', nor 'any' must return a value.

[7m46[0m   public fetchAllMessageForAChat = async (userId: string, chatId: string): Promise<Message> => {
[7m  [0m [91m                                                                           ~~~~~~~~~~~~~~~~[0m
[96msrc/services/message.service.ts[0m:[93m47[0m:[93m57[0m - [91merror[0m[90m TS1109: [0mExpression expected.

[7m47[0m     const isChatExist = await ChatModel.findById({_id : })
[7m  [0m [91m                                                        ~[0m

    at createTSError (/Users/ujjwaltiwari/Documents/Personal/chit-chat-api/node_modules/ts-node/src/index.ts:859:12)
    at reportTSError (/Users/ujjwaltiwari/Documents/Personal/chit-chat-api/node_modules/ts-node/src/index.ts:863:19)
    at getOutput (/Users/ujjwaltiwari/Documents/Personal/chit-chat-api/node_modules/ts-node/src/index.ts:1077:36)
    at Object.compile (/Users/ujjwaltiwari/Documents/Personal/chit-chat-api/node_modules/ts-node/src/index.ts:1433:41)
    at Module.m._compile (/Users/ujjwaltiwari/Documents/Personal/chit-chat-api/node_modules/ts-node/src/index.ts:1617:30)
    at Module._extensions..js (node:internal/modules/cjs/loader:1310:10)
    at Object.require.extensions.<computed> [as .ts] (/Users/ujjwaltiwari/Documents/Personal/chit-chat-api/node_modules/ts-node/src/index.ts:1621:12)
    at Module.load (node:internal/modules/cjs/loader:1119:32)
    at Function.Module._load (node:internal/modules/cjs/loader:960:12)
    at Module.require (node:internal/modules/cjs/loader:1143:19)
2023-09-25 17:05:15 error: uncaughtException: тип Unable to compile TypeScript:
[96msrc/services/message.service.ts[0m:[93m46[0m:[93m76[0m - [91merror[0m[90m TS2355: [0mA function whose declared type is neither 'undefined', 'void', nor 'any' must return a value.

[7m46[0m   public fetchAllMessageForAChat = async (userId: string, chatId: string): Promise<Message> => {
[7m  [0m [91m                                                                           ~~~~~~~~~~~~~~~~[0m

TSError: тип Unable to compile TypeScript:
[96msrc/services/message.service.ts[0m:[93m46[0m:[93m76[0m - [91merror[0m[90m TS2355: [0mA function whose declared type is neither 'undefined', 'void', nor 'any' must return a value.

[7m46[0m   public fetchAllMessageForAChat = async (userId: string, chatId: string): Promise<Message> => {
[7m  [0m [91m                                                                           ~~~~~~~~~~~~~~~~[0m

    at createTSError (/Users/ujjwaltiwari/Documents/Personal/chit-chat-api/node_modules/ts-node/src/index.ts:859:12)
    at reportTSError (/Users/ujjwaltiwari/Documents/Personal/chit-chat-api/node_modules/ts-node/src/index.ts:863:19)
    at getOutput (/Users/ujjwaltiwari/Documents/Personal/chit-chat-api/node_modules/ts-node/src/index.ts:1077:36)
    at Object.compile (/Users/ujjwaltiwari/Documents/Personal/chit-chat-api/node_modules/ts-node/src/index.ts:1433:41)
    at Module.m._compile (/Users/ujjwaltiwari/Documents/Personal/chit-chat-api/node_modules/ts-node/src/index.ts:1617:30)
    at Module._extensions..js (node:internal/modules/cjs/loader:1310:10)
    at Object.require.extensions.<computed> [as .ts] (/Users/ujjwaltiwari/Documents/Personal/chit-chat-api/node_modules/ts-node/src/index.ts:1621:12)
    at Module.load (node:internal/modules/cjs/loader:1119:32)
    at Function.Module._load (node:internal/modules/cjs/loader:960:12)
    at Module.require (node:internal/modules/cjs/loader:1143:19)
2023-09-25 17:05:21 error: uncaughtException: тип Unable to compile TypeScript:
[96msrc/services/message.service.ts[0m:[93m46[0m:[93m76[0m - [91merror[0m[90m TS2355: [0mA function whose declared type is neither 'undefined', 'void', nor 'any' must return a value.

[7m46[0m   public fetchAllMessageForAChat = async (userId: string, chatId: string): Promise<Message> => {
[7m  [0m [91m                                                                           ~~~~~~~~~~~~~~~~[0m
[96msrc/services/message.service.ts[0m:[93m50[0m:[93m3[0m - [91merror[0m[90m TS1109: [0mExpression expected.

[7m50[0m   };
[7m  [0m [91m  ~[0m

TSError: тип Unable to compile TypeScript:
[96msrc/services/message.service.ts[0m:[93m46[0m:[93m76[0m - [91merror[0m[90m TS2355: [0mA function whose declared type is neither 'undefined', 'void', nor 'any' must return a value.

[7m46[0m   public fetchAllMessageForAChat = async (userId: string, chatId: string): Promise<Message> => {
[7m  [0m [91m                                                                           ~~~~~~~~~~~~~~~~[0m
[96msrc/services/message.service.ts[0m:[93m50[0m:[93m3[0m - [91merror[0m[90m TS1109: [0mExpression expected.

[7m50[0m   };
[7m  [0m [91m  ~[0m

    at createTSError (/Users/ujjwaltiwari/Documents/Personal/chit-chat-api/node_modules/ts-node/src/index.ts:859:12)
    at reportTSError (/Users/ujjwaltiwari/Documents/Personal/chit-chat-api/node_modules/ts-node/src/index.ts:863:19)
    at getOutput (/Users/ujjwaltiwari/Documents/Personal/chit-chat-api/node_modules/ts-node/src/index.ts:1077:36)
    at Object.compile (/Users/ujjwaltiwari/Documents/Personal/chit-chat-api/node_modules/ts-node/src/index.ts:1433:41)
    at Module.m._compile (/Users/ujjwaltiwari/Documents/Personal/chit-chat-api/node_modules/ts-node/src/index.ts:1617:30)
    at Module._extensions..js (node:internal/modules/cjs/loader:1310:10)
    at Object.require.extensions.<computed> [as .ts] (/Users/ujjwaltiwari/Documents/Personal/chit-chat-api/node_modules/ts-node/src/index.ts:1621:12)
    at Module.load (node:internal/modules/cjs/loader:1119:32)
    at Function.Module._load (node:internal/modules/cjs/loader:960:12)
    at Module.require (node:internal/modules/cjs/loader:1143:19)
2023-09-25 17:05:24 error: uncaughtException: тип Unable to compile TypeScript:
[96msrc/services/message.service.ts[0m:[93m46[0m:[93m76[0m - [91merror[0m[90m TS2355: [0mA function whose declared type is neither 'undefined', 'void', nor 'any' must return a value.

[7m46[0m   public fetchAllMessageForAChat = async (userId: string, chatId: string): Promise<Message> => {
[7m  [0m [91m                                                                           ~~~~~~~~~~~~~~~~[0m

TSError: тип Unable to compile TypeScript:
[96msrc/services/message.service.ts[0m:[93m46[0m:[93m76[0m - [91merror[0m[90m TS2355: [0mA function whose declared type is neither 'undefined', 'void', nor 'any' must return a value.

[7m46[0m   public fetchAllMessageForAChat = async (userId: string, chatId: string): Promise<Message> => {
[7m  [0m [91m                                                                           ~~~~~~~~~~~~~~~~[0m

    at createTSError (/Users/ujjwaltiwari/Documents/Personal/chit-chat-api/node_modules/ts-node/src/index.ts:859:12)
    at reportTSError (/Users/ujjwaltiwari/Documents/Personal/chit-chat-api/node_modules/ts-node/src/index.ts:863:19)
    at getOutput (/Users/ujjwaltiwari/Documents/Personal/chit-chat-api/node_modules/ts-node/src/index.ts:1077:36)
    at Object.compile (/Users/ujjwaltiwari/Documents/Personal/chit-chat-api/node_modules/ts-node/src/index.ts:1433:41)
    at Module.m._compile (/Users/ujjwaltiwari/Documents/Personal/chit-chat-api/node_modules/ts-node/src/index.ts:1617:30)
    at Module._extensions..js (node:internal/modules/cjs/loader:1310:10)
    at Object.require.extensions.<computed> [as .ts] (/Users/ujjwaltiwari/Documents/Personal/chit-chat-api/node_modules/ts-node/src/index.ts:1621:12)
    at Module.load (node:internal/modules/cjs/loader:1119:32)
    at Function.Module._load (node:internal/modules/cjs/loader:960:12)
    at Module.require (node:internal/modules/cjs/loader:1143:19)
2023-09-25 17:05:37 error: uncaughtException: тип Unable to compile TypeScript:
[96msrc/services/message.service.ts[0m:[93m46[0m:[93m76[0m - [91merror[0m[90m TS2355: [0mA function whose declared type is neither 'undefined', 'void', nor 'any' must return a value.

[7m46[0m   public fetchAllMessageForAChat = async (userId: string, chatId: string): Promise<Message> => {
[7m  [0m [91m                                                                           ~~~~~~~~~~~~~~~~[0m

TSError: тип Unable to compile TypeScript:
[96msrc/services/message.service.ts[0m:[93m46[0m:[93m76[0m - [91merror[0m[90m TS2355: [0mA function whose declared type is neither 'undefined', 'void', nor 'any' must return a value.

[7m46[0m   public fetchAllMessageForAChat = async (userId: string, chatId: string): Promise<Message> => {
[7m  [0m [91m                                                                           ~~~~~~~~~~~~~~~~[0m

    at createTSError (/Users/ujjwaltiwari/Documents/Personal/chit-chat-api/node_modules/ts-node/src/index.ts:859:12)
    at reportTSError (/Users/ujjwaltiwari/Documents/Personal/chit-chat-api/node_modules/ts-node/src/index.ts:863:19)
    at getOutput (/Users/ujjwaltiwari/Documents/Personal/chit-chat-api/node_modules/ts-node/src/index.ts:1077:36)
    at Object.compile (/Users/ujjwaltiwari/Documents/Personal/chit-chat-api/node_modules/ts-node/src/index.ts:1433:41)
    at Module.m._compile (/Users/ujjwaltiwari/Documents/Personal/chit-chat-api/node_modules/ts-node/src/index.ts:1617:30)
    at Module._extensions..js (node:internal/modules/cjs/loader:1310:10)
    at Object.require.extensions.<computed> [as .ts] (/Users/ujjwaltiwari/Documents/Personal/chit-chat-api/node_modules/ts-node/src/index.ts:1621:12)
    at Module.load (node:internal/modules/cjs/loader:1119:32)
    at Function.Module._load (node:internal/modules/cjs/loader:960:12)
    at Module.require (node:internal/modules/cjs/loader:1143:19)
2023-09-25 17:05:40 error: uncaughtException: тип Unable to compile TypeScript:
[96msrc/services/message.service.ts[0m:[93m46[0m:[93m76[0m - [91merror[0m[90m TS2355: [0mA function whose declared type is neither 'undefined', 'void', nor 'any' must return a value.

[7m46[0m   public fetchAllMessageForAChat = async (userId: string, chatId: string): Promise<Message> => {
[7m  [0m [91m                                                                           ~~~~~~~~~~~~~~~~[0m

TSError: тип Unable to compile TypeScript:
[96msrc/services/message.service.ts[0m:[93m46[0m:[93m76[0m - [91merror[0m[90m TS2355: [0mA function whose declared type is neither 'undefined', 'void', nor 'any' must return a value.

[7m46[0m   public fetchAllMessageForAChat = async (userId: string, chatId: string): Promise<Message> => {
[7m  [0m [91m                                                                           ~~~~~~~~~~~~~~~~[0m

    at createTSError (/Users/ujjwaltiwari/Documents/Personal/chit-chat-api/node_modules/ts-node/src/index.ts:859:12)
    at reportTSError (/Users/ujjwaltiwari/Documents/Personal/chit-chat-api/node_modules/ts-node/src/index.ts:863:19)
    at getOutput (/Users/ujjwaltiwari/Documents/Personal/chit-chat-api/node_modules/ts-node/src/index.ts:1077:36)
    at Object.compile (/Users/ujjwaltiwari/Documents/Personal/chit-chat-api/node_modules/ts-node/src/index.ts:1433:41)
    at Module.m._compile (/Users/ujjwaltiwari/Documents/Personal/chit-chat-api/node_modules/ts-node/src/index.ts:1617:30)
    at Module._extensions..js (node:internal/modules/cjs/loader:1310:10)
    at Object.require.extensions.<computed> [as .ts] (/Users/ujjwaltiwari/Documents/Personal/chit-chat-api/node_modules/ts-node/src/index.ts:1621:12)
    at Module.load (node:internal/modules/cjs/loader:1119:32)
    at Function.Module._load (node:internal/modules/cjs/loader:960:12)
    at Module.require (node:internal/modules/cjs/loader:1143:19)
2023-09-25 17:05:43 error: uncaughtException: тип Unable to compile TypeScript:
[96msrc/services/message.service.ts[0m:[93m46[0m:[93m76[0m - [91merror[0m[90m TS2355: [0mA function whose declared type is neither 'undefined', 'void', nor 'any' must return a value.

[7m46[0m   public fetchAllMessageForAChat = async (userId: string, chatId: string): Promise<Message> => {
[7m  [0m [91m                                                                           ~~~~~~~~~~~~~~~~[0m

TSError: тип Unable to compile TypeScript:
[96msrc/services/message.service.ts[0m:[93m46[0m:[93m76[0m - [91merror[0m[90m TS2355: [0mA function whose declared type is neither 'undefined', 'void', nor 'any' must return a value.

[7m46[0m   public fetchAllMessageForAChat = async (userId: string, chatId: string): Promise<Message> => {
[7m  [0m [91m                                                                           ~~~~~~~~~~~~~~~~[0m

    at createTSError (/Users/ujjwaltiwari/Documents/Personal/chit-chat-api/node_modules/ts-node/src/index.ts:859:12)
    at reportTSError (/Users/ujjwaltiwari/Documents/Personal/chit-chat-api/node_modules/ts-node/src/index.ts:863:19)
    at getOutput (/Users/ujjwaltiwari/Documents/Personal/chit-chat-api/node_modules/ts-node/src/index.ts:1077:36)
    at Object.compile (/Users/ujjwaltiwari/Documents/Personal/chit-chat-api/node_modules/ts-node/src/index.ts:1433:41)
    at Module.m._compile (/Users/ujjwaltiwari/Documents/Personal/chit-chat-api/node_modules/ts-node/src/index.ts:1617:30)
    at Module._extensions..js (node:internal/modules/cjs/loader:1310:10)
    at Object.require.extensions.<computed> [as .ts] (/Users/ujjwaltiwari/Documents/Personal/chit-chat-api/node_modules/ts-node/src/index.ts:1621:12)
    at Module.load (node:internal/modules/cjs/loader:1119:32)
    at Function.Module._load (node:internal/modules/cjs/loader:960:12)
    at Module.require (node:internal/modules/cjs/loader:1143:19)
2023-09-25 17:05:45 error: uncaughtException: тип Unable to compile TypeScript:
[96msrc/services/message.service.ts[0m:[93m46[0m:[93m76[0m - [91merror[0m[90m TS2355: [0mA function whose declared type is neither 'undefined', 'void', nor 'any' must return a value.

[7m46[0m   public fetchAllMessageForAChat = async (userId: string, chatId: string): Promise<Message> => {
[7m  [0m [91m                                                                           ~~~~~~~~~~~~~~~~[0m

TSError: тип Unable to compile TypeScript:
[96msrc/services/message.service.ts[0m:[93m46[0m:[93m76[0m - [91merror[0m[90m TS2355: [0mA function whose declared type is neither 'undefined', 'void', nor 'any' must return a value.

[7m46[0m   public fetchAllMessageForAChat = async (userId: string, chatId: string): Promise<Message> => {
[7m  [0m [91m                                                                           ~~~~~~~~~~~~~~~~[0m

    at createTSError (/Users/ujjwaltiwari/Documents/Personal/chit-chat-api/node_modules/ts-node/src/index.ts:859:12)
    at reportTSError (/Users/ujjwaltiwari/Documents/Personal/chit-chat-api/node_modules/ts-node/src/index.ts:863:19)
    at getOutput (/Users/ujjwaltiwari/Documents/Personal/chit-chat-api/node_modules/ts-node/src/index.ts:1077:36)
    at Object.compile (/Users/ujjwaltiwari/Documents/Personal/chit-chat-api/node_modules/ts-node/src/index.ts:1433:41)
    at Module.m._compile (/Users/ujjwaltiwari/Documents/Personal/chit-chat-api/node_modules/ts-node/src/index.ts:1617:30)
    at Module._extensions..js (node:internal/modules/cjs/loader:1310:10)
    at Object.require.extensions.<computed> [as .ts] (/Users/ujjwaltiwari/Documents/Personal/chit-chat-api/node_modules/ts-node/src/index.ts:1621:12)
    at Module.load (node:internal/modules/cjs/loader:1119:32)
    at Function.Module._load (node:internal/modules/cjs/loader:960:12)
    at Module.require (node:internal/modules/cjs/loader:1143:19)
2023-09-25 17:05:48 error: uncaughtException: тип Unable to compile TypeScript:
[96msrc/services/message.service.ts[0m:[93m46[0m:[93m76[0m - [91merror[0m[90m TS2355: [0mA function whose declared type is neither 'undefined', 'void', nor 'any' must return a value.

[7m46[0m   public fetchAllMessageForAChat = async (userId: string, chatId: string): Promise<Message> => {
[7m  [0m [91m                                                                           ~~~~~~~~~~~~~~~~[0m

TSError: тип Unable to compile TypeScript:
[96msrc/services/message.service.ts[0m:[93m46[0m:[93m76[0m - [91merror[0m[90m TS2355: [0mA function whose declared type is neither 'undefined', 'void', nor 'any' must return a value.

[7m46[0m   public fetchAllMessageForAChat = async (userId: string, chatId: string): Promise<Message> => {
[7m  [0m [91m                                                                           ~~~~~~~~~~~~~~~~[0m

    at createTSError (/Users/ujjwaltiwari/Documents/Personal/chit-chat-api/node_modules/ts-node/src/index.ts:859:12)
    at reportTSError (/Users/ujjwaltiwari/Documents/Personal/chit-chat-api/node_modules/ts-node/src/index.ts:863:19)
    at getOutput (/Users/ujjwaltiwari/Documents/Personal/chit-chat-api/node_modules/ts-node/src/index.ts:1077:36)
    at Object.compile (/Users/ujjwaltiwari/Documents/Personal/chit-chat-api/node_modules/ts-node/src/index.ts:1433:41)
    at Module.m._compile (/Users/ujjwaltiwari/Documents/Personal/chit-chat-api/node_modules/ts-node/src/index.ts:1617:30)
    at Module._extensions..js (node:internal/modules/cjs/loader:1310:10)
    at Object.require.extensions.<computed> [as .ts] (/Users/ujjwaltiwari/Documents/Personal/chit-chat-api/node_modules/ts-node/src/index.ts:1621:12)
    at Module.load (node:internal/modules/cjs/loader:1119:32)
    at Function.Module._load (node:internal/modules/cjs/loader:960:12)
    at Module.require (node:internal/modules/cjs/loader:1143:19)
2023-09-25 17:05:56 error: uncaughtException: тип Unable to compile TypeScript:
[96msrc/services/message.service.ts[0m:[93m46[0m:[93m76[0m - [91merror[0m[90m TS2355: [0mA function whose declared type is neither 'undefined', 'void', nor 'any' must return a value.

[7m46[0m   public fetchAllMessageForAChat = async (userId: string, chatId: string): Promise<Message> => {
[7m  [0m [91m                                                                           ~~~~~~~~~~~~~~~~[0m

TSError: тип Unable to compile TypeScript:
[96msrc/services/message.service.ts[0m:[93m46[0m:[93m76[0m - [91merror[0m[90m TS2355: [0mA function whose declared type is neither 'undefined', 'void', nor 'any' must return a value.

[7m46[0m   public fetchAllMessageForAChat = async (userId: string, chatId: string): Promise<Message> => {
[7m  [0m [91m                                                                           ~~~~~~~~~~~~~~~~[0m

    at createTSError (/Users/ujjwaltiwari/Documents/Personal/chit-chat-api/node_modules/ts-node/src/index.ts:859:12)
    at reportTSError (/Users/ujjwaltiwari/Documents/Personal/chit-chat-api/node_modules/ts-node/src/index.ts:863:19)
    at getOutput (/Users/ujjwaltiwari/Documents/Personal/chit-chat-api/node_modules/ts-node/src/index.ts:1077:36)
    at Object.compile (/Users/ujjwaltiwari/Documents/Personal/chit-chat-api/node_modules/ts-node/src/index.ts:1433:41)
    at Module.m._compile (/Users/ujjwaltiwari/Documents/Personal/chit-chat-api/node_modules/ts-node/src/index.ts:1617:30)
    at Module._extensions..js (node:internal/modules/cjs/loader:1310:10)
    at Object.require.extensions.<computed> [as .ts] (/Users/ujjwaltiwari/Documents/Personal/chit-chat-api/node_modules/ts-node/src/index.ts:1621:12)
    at Module.load (node:internal/modules/cjs/loader:1119:32)
    at Function.Module._load (node:internal/modules/cjs/loader:960:12)
    at Module.require (node:internal/modules/cjs/loader:1143:19)
2023-09-25 17:06:23 error: uncaughtException: тип Unable to compile TypeScript:
[96msrc/services/message.service.ts[0m:[93m46[0m:[93m76[0m - [91merror[0m[90m TS2355: [0mA function whose declared type is neither 'undefined', 'void', nor 'any' must return a value.

[7m46[0m   public fetchAllMessageForAChat = async (userId: string, chatId: string): Promise<Message> => {
[7m  [0m [91m                                                                           ~~~~~~~~~~~~~~~~[0m

TSError: тип Unable to compile TypeScript:
[96msrc/services/message.service.ts[0m:[93m46[0m:[93m76[0m - [91merror[0m[90m TS2355: [0mA function whose declared type is neither 'undefined', 'void', nor 'any' must return a value.

[7m46[0m   public fetchAllMessageForAChat = async (userId: string, chatId: string): Promise<Message> => {
[7m  [0m [91m                                                                           ~~~~~~~~~~~~~~~~[0m

    at createTSError (/Users/ujjwaltiwari/Documents/Personal/chit-chat-api/node_modules/ts-node/src/index.ts:859:12)
    at reportTSError (/Users/ujjwaltiwari/Documents/Personal/chit-chat-api/node_modules/ts-node/src/index.ts:863:19)
    at getOutput (/Users/ujjwaltiwari/Documents/Personal/chit-chat-api/node_modules/ts-node/src/index.ts:1077:36)
    at Object.compile (/Users/ujjwaltiwari/Documents/Personal/chit-chat-api/node_modules/ts-node/src/index.ts:1433:41)
    at Module.m._compile (/Users/ujjwaltiwari/Documents/Personal/chit-chat-api/node_modules/ts-node/src/index.ts:1617:30)
    at Module._extensions..js (node:internal/modules/cjs/loader:1310:10)
    at Object.require.extensions.<computed> [as .ts] (/Users/ujjwaltiwari/Documents/Personal/chit-chat-api/node_modules/ts-node/src/index.ts:1621:12)
    at Module.load (node:internal/modules/cjs/loader:1119:32)
    at Function.Module._load (node:internal/modules/cjs/loader:960:12)
    at Module.require (node:internal/modules/cjs/loader:1143:19)
2023-09-25 17:06:38 error: uncaughtException: тип Unable to compile TypeScript:
[96msrc/services/message.service.ts[0m:[93m46[0m:[93m76[0m - [91merror[0m[90m TS2355: [0mA function whose declared type is neither 'undefined', 'void', nor 'any' must return a value.

[7m46[0m   public fetchAllMessageForAChat = async (userId: string, chatId: string): Promise<Message> => {
[7m  [0m [91m                                                                           ~~~~~~~~~~~~~~~~[0m

TSError: тип Unable to compile TypeScript:
[96msrc/services/message.service.ts[0m:[93m46[0m:[93m76[0m - [91merror[0m[90m TS2355: [0mA function whose declared type is neither 'undefined', 'void', nor 'any' must return a value.

[7m46[0m   public fetchAllMessageForAChat = async (userId: string, chatId: string): Promise<Message> => {
[7m  [0m [91m                                                                           ~~~~~~~~~~~~~~~~[0m

    at createTSError (/Users/ujjwaltiwari/Documents/Personal/chit-chat-api/node_modules/ts-node/src/index.ts:859:12)
    at reportTSError (/Users/ujjwaltiwari/Documents/Personal/chit-chat-api/node_modules/ts-node/src/index.ts:863:19)
    at getOutput (/Users/ujjwaltiwari/Documents/Personal/chit-chat-api/node_modules/ts-node/src/index.ts:1077:36)
    at Object.compile (/Users/ujjwaltiwari/Documents/Personal/chit-chat-api/node_modules/ts-node/src/index.ts:1433:41)
    at Module.m._compile (/Users/ujjwaltiwari/Documents/Personal/chit-chat-api/node_modules/ts-node/src/index.ts:1617:30)
    at Module._extensions..js (node:internal/modules/cjs/loader:1310:10)
    at Object.require.extensions.<computed> [as .ts] (/Users/ujjwaltiwari/Documents/Personal/chit-chat-api/node_modules/ts-node/src/index.ts:1621:12)
    at Module.load (node:internal/modules/cjs/loader:1119:32)
    at Function.Module._load (node:internal/modules/cjs/loader:960:12)
    at Module.require (node:internal/modules/cjs/loader:1143:19)
2023-09-25 17:06:40 error: uncaughtException: тип Unable to compile TypeScript:
[96msrc/services/message.service.ts[0m:[93m46[0m:[93m76[0m - [91merror[0m[90m TS2355: [0mA function whose declared type is neither 'undefined', 'void', nor 'any' must return a value.

[7m46[0m   public fetchAllMessageForAChat = async (userId: string, chatId: string): Promise<Message> => {
[7m  [0m [91m                                                                           ~~~~~~~~~~~~~~~~[0m

TSError: тип Unable to compile TypeScript:
[96msrc/services/message.service.ts[0m:[93m46[0m:[93m76[0m - [91merror[0m[90m TS2355: [0mA function whose declared type is neither 'undefined', 'void', nor 'any' must return a value.

[7m46[0m   public fetchAllMessageForAChat = async (userId: string, chatId: string): Promise<Message> => {
[7m  [0m [91m                                                                           ~~~~~~~~~~~~~~~~[0m

    at createTSError (/Users/ujjwaltiwari/Documents/Personal/chit-chat-api/node_modules/ts-node/src/index.ts:859:12)
    at reportTSError (/Users/ujjwaltiwari/Documents/Personal/chit-chat-api/node_modules/ts-node/src/index.ts:863:19)
    at getOutput (/Users/ujjwaltiwari/Documents/Personal/chit-chat-api/node_modules/ts-node/src/index.ts:1077:36)
    at Object.compile (/Users/ujjwaltiwari/Documents/Personal/chit-chat-api/node_modules/ts-node/src/index.ts:1433:41)
    at Module.m._compile (/Users/ujjwaltiwari/Documents/Personal/chit-chat-api/node_modules/ts-node/src/index.ts:1617:30)
    at Module._extensions..js (node:internal/modules/cjs/loader:1310:10)
    at Object.require.extensions.<computed> [as .ts] (/Users/ujjwaltiwari/Documents/Personal/chit-chat-api/node_modules/ts-node/src/index.ts:1621:12)
    at Module.load (node:internal/modules/cjs/loader:1119:32)
    at Function.Module._load (node:internal/modules/cjs/loader:960:12)
    at Module.require (node:internal/modules/cjs/loader:1143:19)
2023-09-25 17:06:48 error: uncaughtException: тип Unable to compile TypeScript:
[96msrc/services/message.service.ts[0m:[93m46[0m:[93m76[0m - [91merror[0m[90m TS2355: [0mA function whose declared type is neither 'undefined', 'void', nor 'any' must return a value.

[7m46[0m   public fetchAllMessageForAChat = async (userId: string, chatId: string): Promise<Message> => {
[7m  [0m [91m                                                                           ~~~~~~~~~~~~~~~~[0m
[96msrc/services/message.service.ts[0m:[93m66[0m:[93m21[0m - [91merror[0m[90m TS2304: [0mCannot find name 'Mes'.

[7m66[0m     const message = Mes
[7m  [0m [91m                    ~~~[0m

TSError: тип Unable to compile TypeScript:
[96msrc/services/message.service.ts[0m:[93m46[0m:[93m76[0m - [91merror[0m[90m TS2355: [0mA function whose declared type is neither 'undefined', 'void', nor 'any' must return a value.

[7m46[0m   public fetchAllMessageForAChat = async (userId: string, chatId: string): Promise<Message> => {
[7m  [0m [91m                                                                           ~~~~~~~~~~~~~~~~[0m
[96msrc/services/message.service.ts[0m:[93m66[0m:[93m21[0m - [91merror[0m[90m TS2304: [0mCannot find name 'Mes'.

[7m66[0m     const message = Mes
[7m  [0m [91m                    ~~~[0m

    at createTSError (/Users/ujjwaltiwari/Documents/Personal/chit-chat-api/node_modules/ts-node/src/index.ts:859:12)
    at reportTSError (/Users/ujjwaltiwari/Documents/Personal/chit-chat-api/node_modules/ts-node/src/index.ts:863:19)
    at getOutput (/Users/ujjwaltiwari/Documents/Personal/chit-chat-api/node_modules/ts-node/src/index.ts:1077:36)
    at Object.compile (/Users/ujjwaltiwari/Documents/Personal/chit-chat-api/node_modules/ts-node/src/index.ts:1433:41)
    at Module.m._compile (/Users/ujjwaltiwari/Documents/Personal/chit-chat-api/node_modules/ts-node/src/index.ts:1617:30)
    at Module._extensions..js (node:internal/modules/cjs/loader:1310:10)
    at Object.require.extensions.<computed> [as .ts] (/Users/ujjwaltiwari/Documents/Personal/chit-chat-api/node_modules/ts-node/src/index.ts:1621:12)
    at Module.load (node:internal/modules/cjs/loader:1119:32)
    at Function.Module._load (node:internal/modules/cjs/loader:960:12)
    at Module.require (node:internal/modules/cjs/loader:1143:19)
2023-09-25 17:06:51 error: uncaughtException: тип Unable to compile TypeScript:
[96msrc/services/message.service.ts[0m:[93m46[0m:[93m76[0m - [91merror[0m[90m TS2355: [0mA function whose declared type is neither 'undefined', 'void', nor 'any' must return a value.

[7m46[0m   public fetchAllMessageForAChat = async (userId: string, chatId: string): Promise<Message> => {
[7m  [0m [91m                                                                           ~~~~~~~~~~~~~~~~[0m

TSError: тип Unable to compile TypeScript:
[96msrc/services/message.service.ts[0m:[93m46[0m:[93m76[0m - [91merror[0m[90m TS2355: [0mA function whose declared type is neither 'undefined', 'void', nor 'any' must return a value.

[7m46[0m   public fetchAllMessageForAChat = async (userId: string, chatId: string): Promise<Message> => {
[7m  [0m [91m                                                                           ~~~~~~~~~~~~~~~~[0m

    at createTSError (/Users/ujjwaltiwari/Documents/Personal/chit-chat-api/node_modules/ts-node/src/index.ts:859:12)
    at reportTSError (/Users/ujjwaltiwari/Documents/Personal/chit-chat-api/node_modules/ts-node/src/index.ts:863:19)
    at getOutput (/Users/ujjwaltiwari/Documents/Personal/chit-chat-api/node_modules/ts-node/src/index.ts:1077:36)
    at Object.compile (/Users/ujjwaltiwari/Documents/Personal/chit-chat-api/node_modules/ts-node/src/index.ts:1433:41)
    at Module.m._compile (/Users/ujjwaltiwari/Documents/Personal/chit-chat-api/node_modules/ts-node/src/index.ts:1617:30)
    at Module._extensions..js (node:internal/modules/cjs/loader:1310:10)
    at Object.require.extensions.<computed> [as .ts] (/Users/ujjwaltiwari/Documents/Personal/chit-chat-api/node_modules/ts-node/src/index.ts:1621:12)
    at Module.load (node:internal/modules/cjs/loader:1119:32)
    at Function.Module._load (node:internal/modules/cjs/loader:960:12)
    at Module.require (node:internal/modules/cjs/loader:1143:19)
2023-09-25 17:06:58 error: uncaughtException: тип Unable to compile TypeScript:
[96msrc/services/message.service.ts[0m:[93m46[0m:[93m76[0m - [91merror[0m[90m TS2355: [0mA function whose declared type is neither 'undefined', 'void', nor 'any' must return a value.

[7m46[0m   public fetchAllMessageForAChat = async (userId: string, chatId: string): Promise<Message> => {
[7m  [0m [91m                                                                           ~~~~~~~~~~~~~~~~[0m
[96msrc/services/message.service.ts[0m:[93m66[0m:[93m43[0m - [91merror[0m[90m TS2304: [0mCannot find name '_id'.

[7m66[0m     const message = MessageModel.findById(_id : chatId)
[7m  [0m [91m                                          ~~~[0m
[96msrc/services/message.service.ts[0m:[93m66[0m:[93m47[0m - [91merror[0m[90m TS1005: [0m',' expected.

[7m66[0m     const message = MessageModel.findById(_id : chatId)
[7m  [0m [91m                                              ~[0m

TSError: тип Unable to compile TypeScript:
[96msrc/services/message.service.ts[0m:[93m46[0m:[93m76[0m - [91merror[0m[90m TS2355: [0mA function whose declared type is neither 'undefined', 'void', nor 'any' must return a value.

[7m46[0m   public fetchAllMessageForAChat = async (userId: string, chatId: string): Promise<Message> => {
[7m  [0m [91m                                                                           ~~~~~~~~~~~~~~~~[0m
[96msrc/services/message.service.ts[0m:[93m66[0m:[93m43[0m - [91merror[0m[90m TS2304: [0mCannot find name '_id'.

[7m66[0m     const message = MessageModel.findById(_id : chatId)
[7m  [0m [91m                                          ~~~[0m
[96msrc/services/message.service.ts[0m:[93m66[0m:[93m47[0m - [91merror[0m[90m TS1005: [0m',' expected.

[7m66[0m     const message = MessageModel.findById(_id : chatId)
[7m  [0m [91m                                              ~[0m

    at createTSError (/Users/ujjwaltiwari/Documents/Personal/chit-chat-api/node_modules/ts-node/src/index.ts:859:12)
    at reportTSError (/Users/ujjwaltiwari/Documents/Personal/chit-chat-api/node_modules/ts-node/src/index.ts:863:19)
    at getOutput (/Users/ujjwaltiwari/Documents/Personal/chit-chat-api/node_modules/ts-node/src/index.ts:1077:36)
    at Object.compile (/Users/ujjwaltiwari/Documents/Personal/chit-chat-api/node_modules/ts-node/src/index.ts:1433:41)
    at Module.m._compile (/Users/ujjwaltiwari/Documents/Personal/chit-chat-api/node_modules/ts-node/src/index.ts:1617:30)
    at Module._extensions..js (node:internal/modules/cjs/loader:1310:10)
    at Object.require.extensions.<computed> [as .ts] (/Users/ujjwaltiwari/Documents/Personal/chit-chat-api/node_modules/ts-node/src/index.ts:1621:12)
    at Module.load (node:internal/modules/cjs/loader:1119:32)
    at Function.Module._load (node:internal/modules/cjs/loader:960:12)
    at Module.require (node:internal/modules/cjs/loader:1143:19)
2023-09-25 17:07:02 error: uncaughtException: тип Unable to compile TypeScript:
[96msrc/services/message.service.ts[0m:[93m46[0m:[93m76[0m - [91merror[0m[90m TS2355: [0mA function whose declared type is neither 'undefined', 'void', nor 'any' must return a value.

[7m46[0m   public fetchAllMessageForAChat = async (userId: string, chatId: string): Promise<Message> => {
[7m  [0m [91m                                                                           ~~~~~~~~~~~~~~~~[0m

TSError: тип Unable to compile TypeScript:
[96msrc/services/message.service.ts[0m:[93m46[0m:[93m76[0m - [91merror[0m[90m TS2355: [0mA function whose declared type is neither 'undefined', 'void', nor 'any' must return a value.

[7m46[0m   public fetchAllMessageForAChat = async (userId: string, chatId: string): Promise<Message> => {
[7m  [0m [91m                                                                           ~~~~~~~~~~~~~~~~[0m

    at createTSError (/Users/ujjwaltiwari/Documents/Personal/chit-chat-api/node_modules/ts-node/src/index.ts:859:12)
    at reportTSError (/Users/ujjwaltiwari/Documents/Personal/chit-chat-api/node_modules/ts-node/src/index.ts:863:19)
    at getOutput (/Users/ujjwaltiwari/Documents/Personal/chit-chat-api/node_modules/ts-node/src/index.ts:1077:36)
    at Object.compile (/Users/ujjwaltiwari/Documents/Personal/chit-chat-api/node_modules/ts-node/src/index.ts:1433:41)
    at Module.m._compile (/Users/ujjwaltiwari/Documents/Personal/chit-chat-api/node_modules/ts-node/src/index.ts:1617:30)
    at Module._extensions..js (node:internal/modules/cjs/loader:1310:10)
    at Object.require.extensions.<computed> [as .ts] (/Users/ujjwaltiwari/Documents/Personal/chit-chat-api/node_modules/ts-node/src/index.ts:1621:12)
    at Module.load (node:internal/modules/cjs/loader:1119:32)
    at Function.Module._load (node:internal/modules/cjs/loader:960:12)
    at Module.require (node:internal/modules/cjs/loader:1143:19)
2023-09-25 17:07:07 error: uncaughtException: тип Unable to compile TypeScript:
[96msrc/services/message.service.ts[0m:[93m46[0m:[93m76[0m - [91merror[0m[90m TS2355: [0mA function whose declared type is neither 'undefined', 'void', nor 'any' must return a value.

[7m46[0m   public fetchAllMessageForAChat = async (userId: string, chatId: string): Promise<Message> => {
[7m  [0m [91m                                                                           ~~~~~~~~~~~~~~~~[0m

TSError: тип Unable to compile TypeScript:
[96msrc/services/message.service.ts[0m:[93m46[0m:[93m76[0m - [91merror[0m[90m TS2355: [0mA function whose declared type is neither 'undefined', 'void', nor 'any' must return a value.

[7m46[0m   public fetchAllMessageForAChat = async (userId: string, chatId: string): Promise<Message> => {
[7m  [0m [91m                                                                           ~~~~~~~~~~~~~~~~[0m

    at createTSError (/Users/ujjwaltiwari/Documents/Personal/chit-chat-api/node_modules/ts-node/src/index.ts:859:12)
    at reportTSError (/Users/ujjwaltiwari/Documents/Personal/chit-chat-api/node_modules/ts-node/src/index.ts:863:19)
    at getOutput (/Users/ujjwaltiwari/Documents/Personal/chit-chat-api/node_modules/ts-node/src/index.ts:1077:36)
    at Object.compile (/Users/ujjwaltiwari/Documents/Personal/chit-chat-api/node_modules/ts-node/src/index.ts:1433:41)
    at Module.m._compile (/Users/ujjwaltiwari/Documents/Personal/chit-chat-api/node_modules/ts-node/src/index.ts:1617:30)
    at Module._extensions..js (node:internal/modules/cjs/loader:1310:10)
    at Object.require.extensions.<computed> [as .ts] (/Users/ujjwaltiwari/Documents/Personal/chit-chat-api/node_modules/ts-node/src/index.ts:1621:12)
    at Module.load (node:internal/modules/cjs/loader:1119:32)
    at Function.Module._load (node:internal/modules/cjs/loader:960:12)
    at Module.require (node:internal/modules/cjs/loader:1143:19)
2023-09-25 17:07:12 error: uncaughtException: тип Unable to compile TypeScript:
[96msrc/services/message.service.ts[0m:[93m46[0m:[93m76[0m - [91merror[0m[90m TS2355: [0mA function whose declared type is neither 'undefined', 'void', nor 'any' must return a value.

[7m46[0m   public fetchAllMessageForAChat = async (userId: string, chatId: string): Promise<Message> => {
[7m  [0m [91m                                                                           ~~~~~~~~~~~~~~~~[0m

TSError: тип Unable to compile TypeScript:
[96msrc/services/message.service.ts[0m:[93m46[0m:[93m76[0m - [91merror[0m[90m TS2355: [0mA function whose declared type is neither 'undefined', 'void', nor 'any' must return a value.

[7m46[0m   public fetchAllMessageForAChat = async (userId: string, chatId: string): Promise<Message> => {
[7m  [0m [91m                                                                           ~~~~~~~~~~~~~~~~[0m

    at createTSError (/Users/ujjwaltiwari/Documents/Personal/chit-chat-api/node_modules/ts-node/src/index.ts:859:12)
    at reportTSError (/Users/ujjwaltiwari/Documents/Personal/chit-chat-api/node_modules/ts-node/src/index.ts:863:19)
    at getOutput (/Users/ujjwaltiwari/Documents/Personal/chit-chat-api/node_modules/ts-node/src/index.ts:1077:36)
    at Object.compile (/Users/ujjwaltiwari/Documents/Personal/chit-chat-api/node_modules/ts-node/src/index.ts:1433:41)
    at Module.m._compile (/Users/ujjwaltiwari/Documents/Personal/chit-chat-api/node_modules/ts-node/src/index.ts:1617:30)
    at Module._extensions..js (node:internal/modules/cjs/loader:1310:10)
    at Object.require.extensions.<computed> [as .ts] (/Users/ujjwaltiwari/Documents/Personal/chit-chat-api/node_modules/ts-node/src/index.ts:1621:12)
    at Module.load (node:internal/modules/cjs/loader:1119:32)
    at Function.Module._load (node:internal/modules/cjs/loader:960:12)
    at Module.require (node:internal/modules/cjs/loader:1143:19)
2023-09-25 17:07:58 error: uncaughtException: тип Unable to compile TypeScript:
[96msrc/services/message.service.ts[0m:[93m46[0m:[93m76[0m - [91merror[0m[90m TS2355: [0mA function whose declared type is neither 'undefined', 'void', nor 'any' must return a value.

[7m46[0m   public fetchAllMessageForAChat = async (userId: string, chatId: string): Promise<Message> => {
[7m  [0m [91m                                                                           ~~~~~~~~~~~~~~~~[0m

TSError: тип Unable to compile TypeScript:
[96msrc/services/message.service.ts[0m:[93m46[0m:[93m76[0m - [91merror[0m[90m TS2355: [0mA function whose declared type is neither 'undefined', 'void', nor 'any' must return a value.

[7m46[0m   public fetchAllMessageForAChat = async (userId: string, chatId: string): Promise<Message> => {
[7m  [0m [91m                                                                           ~~~~~~~~~~~~~~~~[0m

    at createTSError (/Users/ujjwaltiwari/Documents/Personal/chit-chat-api/node_modules/ts-node/src/index.ts:859:12)
    at reportTSError (/Users/ujjwaltiwari/Documents/Personal/chit-chat-api/node_modules/ts-node/src/index.ts:863:19)
    at getOutput (/Users/ujjwaltiwari/Documents/Personal/chit-chat-api/node_modules/ts-node/src/index.ts:1077:36)
    at Object.compile (/Users/ujjwaltiwari/Documents/Personal/chit-chat-api/node_modules/ts-node/src/index.ts:1433:41)
    at Module.m._compile (/Users/ujjwaltiwari/Documents/Personal/chit-chat-api/node_modules/ts-node/src/index.ts:1617:30)
    at Module._extensions..js (node:internal/modules/cjs/loader:1310:10)
    at Object.require.extensions.<computed> [as .ts] (/Users/ujjwaltiwari/Documents/Personal/chit-chat-api/node_modules/ts-node/src/index.ts:1621:12)
    at Module.load (node:internal/modules/cjs/loader:1119:32)
    at Function.Module._load (node:internal/modules/cjs/loader:960:12)
    at Module.require (node:internal/modules/cjs/loader:1143:19)
2023-09-25 17:08:09 error: uncaughtException: тип Unable to compile TypeScript:
[96msrc/services/message.service.ts[0m:[93m46[0m:[93m76[0m - [91merror[0m[90m TS2355: [0mA function whose declared type is neither 'undefined', 'void', nor 'any' must return a value.

[7m46[0m   public fetchAllMessageForAChat = async (userId: string, chatId: string): Promise<Message> => {
[7m  [0m [91m                                                                           ~~~~~~~~~~~~~~~~[0m

TSError: тип Unable to compile TypeScript:
[96msrc/services/message.service.ts[0m:[93m46[0m:[93m76[0m - [91merror[0m[90m TS2355: [0mA function whose declared type is neither 'undefined', 'void', nor 'any' must return a value.

[7m46[0m   public fetchAllMessageForAChat = async (userId: string, chatId: string): Promise<Message> => {
[7m  [0m [91m                                                                           ~~~~~~~~~~~~~~~~[0m

    at createTSError (/Users/ujjwaltiwari/Documents/Personal/chit-chat-api/node_modules/ts-node/src/index.ts:859:12)
    at reportTSError (/Users/ujjwaltiwari/Documents/Personal/chit-chat-api/node_modules/ts-node/src/index.ts:863:19)
    at getOutput (/Users/ujjwaltiwari/Documents/Personal/chit-chat-api/node_modules/ts-node/src/index.ts:1077:36)
    at Object.compile (/Users/ujjwaltiwari/Documents/Personal/chit-chat-api/node_modules/ts-node/src/index.ts:1433:41)
    at Module.m._compile (/Users/ujjwaltiwari/Documents/Personal/chit-chat-api/node_modules/ts-node/src/index.ts:1617:30)
    at Module._extensions..js (node:internal/modules/cjs/loader:1310:10)
    at Object.require.extensions.<computed> [as .ts] (/Users/ujjwaltiwari/Documents/Personal/chit-chat-api/node_modules/ts-node/src/index.ts:1621:12)
    at Module.load (node:internal/modules/cjs/loader:1119:32)
    at Function.Module._load (node:internal/modules/cjs/loader:960:12)
    at Module.require (node:internal/modules/cjs/loader:1143:19)
2023-09-25 17:08:15 error: uncaughtException: тип Unable to compile TypeScript:
[96msrc/services/message.service.ts[0m:[93m46[0m:[93m76[0m - [91merror[0m[90m TS2355: [0mA function whose declared type is neither 'undefined', 'void', nor 'any' must return a value.

[7m46[0m   public fetchAllMessageForAChat = async (userId: string, chatId: string): Promise<Message> => {
[7m  [0m [91m                                                                           ~~~~~~~~~~~~~~~~[0m

TSError: тип Unable to compile TypeScript:
[96msrc/services/message.service.ts[0m:[93m46[0m:[93m76[0m - [91merror[0m[90m TS2355: [0mA function whose declared type is neither 'undefined', 'void', nor 'any' must return a value.

[7m46[0m   public fetchAllMessageForAChat = async (userId: string, chatId: string): Promise<Message> => {
[7m  [0m [91m                                                                           ~~~~~~~~~~~~~~~~[0m

    at createTSError (/Users/ujjwaltiwari/Documents/Personal/chit-chat-api/node_modules/ts-node/src/index.ts:859:12)
    at reportTSError (/Users/ujjwaltiwari/Documents/Personal/chit-chat-api/node_modules/ts-node/src/index.ts:863:19)
    at getOutput (/Users/ujjwaltiwari/Documents/Personal/chit-chat-api/node_modules/ts-node/src/index.ts:1077:36)
    at Object.compile (/Users/ujjwaltiwari/Documents/Personal/chit-chat-api/node_modules/ts-node/src/index.ts:1433:41)
    at Module.m._compile (/Users/ujjwaltiwari/Documents/Personal/chit-chat-api/node_modules/ts-node/src/index.ts:1617:30)
    at Module._extensions..js (node:internal/modules/cjs/loader:1310:10)
    at Object.require.extensions.<computed> [as .ts] (/Users/ujjwaltiwari/Documents/Personal/chit-chat-api/node_modules/ts-node/src/index.ts:1621:12)
    at Module.load (node:internal/modules/cjs/loader:1119:32)
    at Function.Module._load (node:internal/modules/cjs/loader:960:12)
    at Module.require (node:internal/modules/cjs/loader:1143:19)
2023-09-25 17:08:17 error: uncaughtException: тип Unable to compile TypeScript:
[96msrc/services/message.service.ts[0m:[93m46[0m:[93m76[0m - [91merror[0m[90m TS2355: [0mA function whose declared type is neither 'undefined', 'void', nor 'any' must return a value.

[7m46[0m   public fetchAllMessageForAChat = async (userId: string, chatId: string): Promise<Message> => {
[7m  [0m [91m                                                                           ~~~~~~~~~~~~~~~~[0m

TSError: тип Unable to compile TypeScript:
[96msrc/services/message.service.ts[0m:[93m46[0m:[93m76[0m - [91merror[0m[90m TS2355: [0mA function whose declared type is neither 'undefined', 'void', nor 'any' must return a value.

[7m46[0m   public fetchAllMessageForAChat = async (userId: string, chatId: string): Promise<Message> => {
[7m  [0m [91m                                                                           ~~~~~~~~~~~~~~~~[0m

    at createTSError (/Users/ujjwaltiwari/Documents/Personal/chit-chat-api/node_modules/ts-node/src/index.ts:859:12)
    at reportTSError (/Users/ujjwaltiwari/Documents/Personal/chit-chat-api/node_modules/ts-node/src/index.ts:863:19)
    at getOutput (/Users/ujjwaltiwari/Documents/Personal/chit-chat-api/node_modules/ts-node/src/index.ts:1077:36)
    at Object.compile (/Users/ujjwaltiwari/Documents/Personal/chit-chat-api/node_modules/ts-node/src/index.ts:1433:41)
    at Module.m._compile (/Users/ujjwaltiwari/Documents/Personal/chit-chat-api/node_modules/ts-node/src/index.ts:1617:30)
    at Module._extensions..js (node:internal/modules/cjs/loader:1310:10)
    at Object.require.extensions.<computed> [as .ts] (/Users/ujjwaltiwari/Documents/Personal/chit-chat-api/node_modules/ts-node/src/index.ts:1621:12)
    at Module.load (node:internal/modules/cjs/loader:1119:32)
    at Function.Module._load (node:internal/modules/cjs/loader:960:12)
    at Module.require (node:internal/modules/cjs/loader:1143:19)
